<?xml version="1.0" encoding="UTF-8"?>
<testng-results ignored="0" total="4" passed="3" failed="1" skipped="0">
  <reporter-output>
  </reporter-output>
  <suite started-at="2022-06-26T22:11:33 EDT" name="Default suite" finished-at="2022-06-26T22:11:52 EDT" duration-ms="19371">
    <groups>
    </groups>
    <test started-at="2022-06-26T22:11:33 EDT" name="Default test" finished-at="2022-06-26T22:11:52 EDT" duration-ms="19371">
      <class name="testngListenerPractice.Screenshots$ScreenShots">
        <test-method is-config="true" signature="setUp()[pri:0, instance:testngListenerPractice.Screenshots$ScreenShots@4f209819]" started-at="2022-06-26T22:11:33 EDT" name="setUp" finished-at="2022-06-26T22:11:38 EDT" duration-ms="4908" status="PASS">
          <reporter-output>
          </reporter-output>
        </test-method> <!-- setUp -->
        <test-method signature="takeScreenshotTest1()[pri:0, instance:testngListenerPractice.Screenshots$ScreenShots@4f209819]" started-at="2022-06-26T22:11:38 EDT" name="takeScreenshotTest1" finished-at="2022-06-26T22:11:38 EDT" duration-ms="174" status="PASS">
          <reporter-output>
          </reporter-output>
        </test-method> <!-- takeScreenshotTest1 -->
        <test-method is-config="true" signature="tearDown()[pri:0, instance:testngListenerPractice.Screenshots$ScreenShots@4f209819]" started-at="2022-06-26T22:11:38 EDT" name="tearDown" finished-at="2022-06-26T22:11:39 EDT" duration-ms="442" status="PASS">
          <reporter-output>
          </reporter-output>
        </test-method> <!-- tearDown -->
        <test-method is-config="true" signature="setUp()[pri:0, instance:testngListenerPractice.Screenshots$ScreenShots@4f209819]" started-at="2022-06-26T22:11:39 EDT" name="setUp" finished-at="2022-06-26T22:11:42 EDT" duration-ms="2890" status="PASS">
          <reporter-output>
          </reporter-output>
        </test-method> <!-- setUp -->
        <test-method signature="takeScreenshotTest2()[pri:0, instance:testngListenerPractice.Screenshots$ScreenShots@4f209819]" started-at="2022-06-26T22:11:42 EDT" name="takeScreenshotTest2" finished-at="2022-06-26T22:11:42 EDT" duration-ms="177" status="PASS">
          <reporter-output>
          </reporter-output>
        </test-method> <!-- takeScreenshotTest2 -->
        <test-method is-config="true" signature="tearDown()[pri:0, instance:testngListenerPractice.Screenshots$ScreenShots@4f209819]" started-at="2022-06-26T22:11:43 EDT" name="tearDown" finished-at="2022-06-26T22:11:43 EDT" duration-ms="456" status="PASS">
          <reporter-output>
          </reporter-output>
        </test-method> <!-- tearDown -->
        <test-method is-config="true" signature="setUp()[pri:0, instance:testngListenerPractice.Screenshots$ScreenShots@4f209819]" started-at="2022-06-26T22:11:43 EDT" name="setUp" finished-at="2022-06-26T22:11:46 EDT" duration-ms="2976" status="PASS">
          <reporter-output>
          </reporter-output>
        </test-method> <!-- setUp -->
        <test-method signature="takeScreenshotTest3()[pri:0, instance:testngListenerPractice.Screenshots$ScreenShots@4f209819]" started-at="2022-06-26T22:11:46 EDT" name="takeScreenshotTest3" finished-at="2022-06-26T22:11:46 EDT" duration-ms="187" status="PASS">
          <reporter-output>
          </reporter-output>
        </test-method> <!-- takeScreenshotTest3 -->
        <test-method is-config="true" signature="tearDown()[pri:0, instance:testngListenerPractice.Screenshots$ScreenShots@4f209819]" started-at="2022-06-26T22:11:47 EDT" name="tearDown" finished-at="2022-06-26T22:11:48 EDT" duration-ms="370" status="PASS">
          <reporter-output>
          </reporter-output>
        </test-method> <!-- tearDown -->
        <test-method is-config="true" signature="setUp()[pri:0, instance:testngListenerPractice.Screenshots$ScreenShots@4f209819]" started-at="2022-06-26T22:11:48 EDT" name="setUp" finished-at="2022-06-26T22:11:50 EDT" duration-ms="2829" status="PASS">
          <reporter-output>
          </reporter-output>
        </test-method> <!-- setUp -->
        <test-method signature="takeScreenshotTest4()[pri:0, instance:testngListenerPractice.Screenshots$ScreenShots@4f209819]" started-at="2022-06-26T22:11:50 EDT" name="takeScreenshotTest4" finished-at="2022-06-26T22:11:50 EDT" duration-ms="5" status="FAIL">
          <exception class="java.lang.AssertionError">
            <message>
              <![CDATA[expected [true] but found [false]]]>
            </message>
            <full-stacktrace>
              <![CDATA[java.lang.AssertionError: expected [true] but found [false]
at org.testng.Assert.fail(Assert.java:99)
at org.testng.Assert.failNotEquals(Assert.java:1037)
at org.testng.Assert.assertEqualsImpl(Assert.java:140)
at org.testng.Assert.assertEquals(Assert.java:122)
at org.testng.Assert.assertEquals(Assert.java:819)
at org.testng.Assert.assertEquals(Assert.java:829)
at testngListenerPractice.Screenshots$ScreenShots.takeScreenshotTest4(Screenshots.java:48)
at java.base/jdk.internal.reflect.DirectMethodHandleAccessor.invoke(DirectMethodHandleAccessor.java:104)
at java.base/java.lang.reflect.Method.invoke(Method.java:577)
at org.testng.internal.MethodInvocationHelper.invokeMethod(MethodInvocationHelper.java:133)
at org.testng.internal.TestInvoker.invokeMethod(TestInvoker.java:598)
at org.testng.internal.TestInvoker.invokeTestMethod(TestInvoker.java:173)
at org.testng.internal.MethodRunner.runInSequence(MethodRunner.java:46)
at org.testng.internal.TestInvoker$MethodInvocationAgent.invoke(TestInvoker.java:824)
at org.testng.internal.TestInvoker.invokeTestMethods(TestInvoker.java:146)
at org.testng.internal.TestMethodWorker.invokeTestMethods(TestMethodWorker.java:146)
at org.testng.internal.TestMethodWorker.run(TestMethodWorker.java:128)
at java.base/java.util.ArrayList.forEach(ArrayList.java:1511)
at org.testng.TestRunner.privateRun(TestRunner.java:794)
at org.testng.TestRunner.run(TestRunner.java:596)
at org.testng.SuiteRunner.runTest(SuiteRunner.java:377)
at org.testng.SuiteRunner.runSequentially(SuiteRunner.java:371)
at org.testng.SuiteRunner.privateRun(SuiteRunner.java:332)
at org.testng.SuiteRunner.run(SuiteRunner.java:276)
at org.testng.SuiteRunnerWorker.runSuite(SuiteRunnerWorker.java:53)
at org.testng.SuiteRunnerWorker.run(SuiteRunnerWorker.java:96)
at org.testng.TestNG.runSuitesSequentially(TestNG.java:1212)
at org.testng.TestNG.runSuitesLocally(TestNG.java:1134)
at org.testng.TestNG.runSuites(TestNG.java:1063)
at org.testng.TestNG.run(TestNG.java:1031)
at org.testng.remote.AbstractRemoteTestNG.run(AbstractRemoteTestNG.java:115)
at org.testng.remote.RemoteTestNG.initAndRun(RemoteTestNG.java:251)
at org.testng.remote.RemoteTestNG.main(RemoteTestNG.java:77)
]]>
            </full-stacktrace>
          </exception> <!-- java.lang.AssertionError -->
          <reporter-output>
          </reporter-output>
        </test-method> <!-- takeScreenshotTest4 -->
        <test-method is-config="true" signature="tearDown()[pri:0, instance:testngListenerPractice.Screenshots$ScreenShots@4f209819]" started-at="2022-06-26T22:11:51 EDT" name="tearDown" finished-at="2022-06-26T22:11:52 EDT" duration-ms="502" status="PASS">
          <reporter-output>
          </reporter-output>
        </test-method> <!-- tearDown -->
      </class> <!-- testngListenerPractice.Screenshots$ScreenShots -->
    </test> <!-- Default test -->
  </suite> <!-- Default suite -->
</testng-results>
